# JRE version: OpenJDK Runtime Environment (17.0.10) (build 17.0.10+0--11572160)
# Java VM: OpenJDK 64-Bit Server VM (17.0.10+0--11572160, mixed mode, tiered, compressed oops, compressed class ptrs, g1 gc, windows-amd64)
GC Precious Log:
 CPUs: 8 total, 8 available
 Memory: 7975M
 Large Page Support: Disabled
 NUMA Support: Disabled
 Compressed Oops: Enabled (32-bit)
 Heap Region Size: 1M
 Heap Min Capacity: 8M
 Heap Initial Capacity: 126M
 Heap Max Capacity: 1536M
 Pre-touch: Disabled
 Parallel Workers: 8
 Concurrent Workers: 2
 Concurrent Refinement Workers: 8
 Periodic GC: Disabled
Heap:
 garbage-first heap   total 384000K, used 275620K [0x00000000a0000000, 0x0000000100000000)
  region size 1024K, 121 young (123904K), 15 survivors (15360K)
 Metaspace       used 177448K, committed 178496K, reserved 1245184K
  class space    used 22331K, committed 22784K, reserved 1048576K
GC Heap History (20 events):
Event: 58.696 GC heap before
{Heap before GC invocations=150 (full 0):
 garbage-first heap   total 384000K, used 338499K [0x00000000a0000000, 0x0000000100000000)
  region size 1024K, 207 young (211968K), 5 survivors (5120K)
 Metaspace       used 137020K, committed 137728K, reserved 1179648K
  class space    used 16964K, committed 17280K, reserved 1048576K
}
Event: 58.699 GC heap after
{Heap after GC invocations=151 (full 0):
 garbage-first heap   total 384000K, used 133026K [0x00000000a0000000, 0x0000000100000000)
  region size 1024K, 6 young (6144K), 6 survivors (6144K)
 Metaspace       used 137020K, committed 137728K, reserved 1179648K
  class space    used 16964K, committed 17280K, reserved 1048576K
}
Event: 58.884 GC heap before
{Heap before GC invocations=151 (full 0):
 garbage-first heap   total 384000K, used 338850K [0x00000000a0000000, 0x0000000100000000)
  region size 1024K, 207 young (211968K), 6 survivors (6144K)
 Metaspace       used 137020K, committed 137728K, reserved 1179648K
  class space    used 16964K, committed 17280K, reserved 1048576K
}
Event: 58.887 GC heap after
{Heap after GC invocations=152 (full 0):
 garbage-first heap   total 384000K, used 134010K [0x00000000a0000000, 0x0000000100000000)
  region size 1024K, 7 young (7168K), 7 survivors (7168K)
 Metaspace       used 137020K, committed 137728K, reserved 1179648K
  class space    used 16964K, committed 17280K, reserved 1048576K
}
Event: 59.055 GC heap before
{Heap before GC invocations=152 (full 0):
 garbage-first heap   total 384000K, used 337786K [0x00000000a0000000, 0x0000000100000000)
  region size 1024K, 206 young (210944K), 7 survivors (7168K)
 Metaspace       used 137020K, committed 137728K, reserved 1179648K
  class space    used 16964K, committed 17280K, reserved 1048576K
}
Event: 59.058 GC heap after
{Heap after GC invocations=153 (full 0):
 garbage-first heap   total 384000K, used 135007K [0x00000000a0000000, 0x0000000100000000)
  region size 1024K, 8 young (8192K), 8 survivors (8192K)
 Metaspace       used 137020K, committed 137728K, reserved 1179648K
  class space    used 16964K, committed 17280K, reserved 1048576K
}
Event: 59.282 GC heap before
{Heap before GC invocations=153 (full 0):
 garbage-first heap   total 384000K, used 337759K [0x00000000a0000000, 0x0000000100000000)
  region size 1024K, 205 young (209920K), 8 survivors (8192K)
 Metaspace       used 137021K, committed 137728K, reserved 1179648K
  class space    used 16964K, committed 17280K, reserved 1048576K
}
Event: 59.285 GC heap after
{Heap after GC invocations=154 (full 0):
 garbage-first heap   total 384000K, used 125597K [0x00000000a0000000, 0x0000000100000000)
  region size 1024K, 4 young (4096K), 4 survivors (4096K)
 Metaspace       used 137021K, committed 137728K, reserved 1179648K
  class space    used 16964K, committed 17280K, reserved 1048576K
}
Event: 59.602 GC heap before
{Heap before GC invocations=154 (full 0):
 garbage-first heap   total 384000K, used 345757K [0x00000000a0000000, 0x0000000100000000)
  region size 1024K, 213 young (218112K), 4 survivors (4096K)
 Metaspace       used 137040K, committed 137792K, reserved 1179648K
  class space    used 16967K, committed 17280K, reserved 1048576K
}
Event: 59.604 GC heap after
{Heap after GC invocations=155 (full 0):
 garbage-first heap   total 384000K, used 124721K [0x00000000a0000000, 0x0000000100000000)
  region size 1024K, 3 young (3072K), 3 survivors (3072K)
 Metaspace       used 137040K, committed 137792K, reserved 1179648K
  class space    used 16967K, committed 17280K, reserved 1048576K
}
Event: 59.871 GC heap before
{Heap before GC invocations=155 (full 0):
 garbage-first heap   total 384000K, used 341809K [0x00000000a0000000, 0x0000000100000000)
  region size 1024K, 214 young (219136K), 3 survivors (3072K)
 Metaspace       used 137040K, committed 137792K, reserved 1179648K
  class space    used 16967K, committed 17280K, reserved 1048576K
}
Event: 59.874 GC heap after
{Heap after GC invocations=156 (full 0):
 garbage-first heap   total 384000K, used 125310K [0x00000000a0000000, 0x0000000100000000)
  region size 1024K, 4 young (4096K), 4 survivors (4096K)
 Metaspace       used 137040K, committed 137792K, reserved 1179648K
  class space    used 16967K, committed 17280K, reserved 1048576K
}
Event: 66.252 GC heap before
{Heap before GC invocations=156 (full 0):
 garbage-first heap   total 384000K, used 340350K [0x00000000a0000000, 0x0000000100000000)
  region size 1024K, 214 young (219136K), 4 survivors (4096K)
 Metaspace       used 144457K, committed 145216K, reserved 1179648K
  class space    used 17962K, committed 18304K, reserved 1048576K
}
Event: 66.256 GC heap after
{Heap after GC invocations=157 (full 0):
 garbage-first heap   total 384000K, used 126836K [0x00000000a0000000, 0x0000000100000000)
  region size 1024K, 5 young (5120K), 5 survivors (5120K)
 Metaspace       used 144457K, committed 145216K, reserved 1179648K
  class space    used 17962K, committed 18304K, reserved 1048576K
}
Event: 67.574 GC heap before
{Heap before GC invocations=157 (full 0):
 garbage-first heap   total 384000K, used 292724K [0x00000000a0000000, 0x0000000100000000)
  region size 1024K, 154 young (157696K), 5 survivors (5120K)
 Metaspace       used 153477K, committed 154304K, reserved 1245184K
  class space    used 19094K, committed 19456K, reserved 1048576K
}
Event: 67.583 GC heap after
{Heap after GC invocations=158 (full 0):
 garbage-first heap   total 384000K, used 140161K [0x00000000a0000000, 0x0000000100000000)
  region size 1024K, 15 young (15360K), 15 survivors (15360K)
 Metaspace       used 153477K, committed 154304K, reserved 1245184K
  class space    used 19094K, committed 19456K, reserved 1048576K
}
Event: 68.557 GC heap before
{Heap before GC invocations=158 (full 0):
 garbage-first heap   total 384000K, used 339841K [0x00000000a0000000, 0x0000000100000000)
  region size 1024K, 199 young (203776K), 15 survivors (15360K)
 Metaspace       used 156394K, committed 157184K, reserved 1245184K
  class space    used 19421K, committed 19776K, reserved 1048576K
}
Event: 68.572 GC heap after
{Heap after GC invocations=159 (full 0):
 garbage-first heap   total 384000K, used 160310K [0x00000000a0000000, 0x0000000100000000)
  region size 1024K, 25 young (25600K), 25 survivors (25600K)
 Metaspace       used 156394K, committed 157184K, reserved 1245184K
  class space    used 19421K, committed 19776K, reserved 1048576K
}
Event: 70.126 GC heap before
{Heap before GC invocations=159 (full 0):
 garbage-first heap   total 384000K, used 319030K [0x00000000a0000000, 0x0000000100000000)
  region size 1024K, 180 young (184320K), 25 survivors (25600K)
 Metaspace       used 168574K, committed 169536K, reserved 1245184K
  class space    used 21410K, committed 21824K, reserved 1048576K
}
Event: 70.142 GC heap after
{Heap after GC invocations=160 (full 0):
 garbage-first heap   total 384000K, used 169124K [0x00000000a0000000, 0x0000000100000000)
  region size 1024K, 15 young (15360K), 15 survivors (15360K)
 Metaspace       used 168574K, committed 169536K, reserved 1245184K
  class space    used 21410K, committed 21824K, reserved 1048576K
}

